0 info it worked if it ends with ok
1 verbose cli [ '/usr/bin/nodejs', '/usr/bin/npm', 'publish' ]
2 info using npm@3.10.8
3 info using node@v7.0.0
4 verbose publish [ '.' ]
5 silly cache add args [ '.', null ]
6 verbose cache add spec .
7 silly cache add parsed spec Result {
7 silly cache add   raw: '.',
7 silly cache add   scope: null,
7 silly cache add   escapedName: null,
7 silly cache add   name: null,
7 silly cache add   rawSpec: '.',
7 silly cache add   spec: '/mnt/c/Users/asvet/work/applications/shared',
7 silly cache add   type: 'directory' }
8 verbose addLocalDirectory /home/asvetl/.npm/@ramble/shared/1.1.6/package.tgz not in flight; packing
9 verbose correctMkdir /home/asvetl/.npm correctMkdir not in flight; initializing
10 info lifecycle @ramble/shared@1.1.6~prepublish: @ramble/shared@1.1.6
11 verbose lifecycle @ramble/shared@1.1.6~prepublish: unsafe-perm in lifecycle true
12 verbose lifecycle @ramble/shared@1.1.6~prepublish: PATH: /usr/lib/node_modules/npm/bin/node-gyp-bin:/mnt/c/Users/asvet/work/applications/shared/node_modules/.bin:/usr/local/bin:/usr/bin:/bin:/usr/local/games:/usr/games
13 verbose lifecycle @ramble/shared@1.1.6~prepublish: CWD: /mnt/c/Users/asvet/work/applications/shared
14 silly lifecycle @ramble/shared@1.1.6~prepublish: Args: [ '-c', 'gulp clean-build' ]
15 silly lifecycle @ramble/shared@1.1.6~prepublish: Returned: code: 1  signal: null
16 info lifecycle @ramble/shared@1.1.6~prepublish: Failed to exec prepublish script
17 error addLocal Could not install /mnt/c/Users/asvet/work/applications/shared
18 verbose stack Error: @ramble/shared@1.1.6 prepublish: `gulp clean-build`
18 verbose stack Exit status 1
18 verbose stack     at EventEmitter.<anonymous> (/usr/lib/node_modules/npm/lib/utils/lifecycle.js:255:16)
18 verbose stack     at emitTwo (events.js:106:13)
18 verbose stack     at EventEmitter.emit (events.js:191:7)
18 verbose stack     at ChildProcess.<anonymous> (/usr/lib/node_modules/npm/lib/utils/spawn.js:40:14)
18 verbose stack     at emitTwo (events.js:106:13)
18 verbose stack     at ChildProcess.emit (events.js:191:7)
18 verbose stack     at maybeClose (internal/child_process.js:877:16)
18 verbose stack     at Process.ChildProcess._handle.onexit (internal/child_process.js:226:5)
19 verbose pkgid @ramble/shared@1.1.6
20 verbose cwd /mnt/c/Users/asvet/work/applications/shared
21 error Linux 3.4.0+
22 error argv "/usr/bin/nodejs" "/usr/bin/npm" "publish"
23 error node v7.0.0
24 error npm  v3.10.8
25 error code ELIFECYCLE
26 error @ramble/shared@1.1.6 prepublish: `gulp clean-build`
26 error Exit status 1
27 error Failed at the @ramble/shared@1.1.6 prepublish script 'gulp clean-build'.
27 error Make sure you have the latest version of node.js and npm installed.
27 error If you do, this is most likely a problem with the @ramble/shared package,
27 error not with npm itself.
27 error Tell the author that this fails on your system:
27 error     gulp clean-build
27 error You can get information on how to open an issue for this project with:
27 error     npm bugs @ramble/shared
27 error Or if that isn't available, you can get their info via:
27 error     npm owner ls @ramble/shared
27 error There is likely additional logging output above.
28 verbose exit [ 1, true ]
